Using pre-set license
Built from '2020.3/staging' branch; Version is '2020.3.9f1 (108be757e447) revision 1084391'; Using compiler version '192528614'; Build Type 'Release'
OS: 'Windows 10 Home Single Language; OS build 17763.1282; Version 1809; 64bit' Language: 'en' Physical Memory: 16228 MB
BatchMode: 1, IsHumanControllingUs: 0, StartBugReporterOnCrash: 0, Is64bit: 1, IsPro: 0

 COMMAND LINE ARGUMENTS:
D:\unity setup\files\2020.3.9f1\Unity\Editor\Unity.exe
-adb2
-batchMode
-noUpm
-name
AssetImportWorker0
-projectPath
D:/unity projects/Sliit library
-logFile
Logs/AssetImportWorker0.log
-srvPort
58131
Successfully changed project path to: D:/unity projects/Sliit library
D:/unity projects/Sliit library
Using Asset Import Pipeline V2.
Refreshing native plugins compatible for Editor in 48.44 ms, found 0 plugins.
Preloading 0 native plugins for Editor in 0.00 ms.
Initialize engine version: 2020.3.9f1 (108be757e447)
[Subsystems] Discovering subsystems at path D:/unity setup/files/2020.3.9f1/Unity/Editor/Data/Resources/UnitySubsystems
[Subsystems] Discovering subsystems at path D:/unity projects/Sliit library/Assets
GfxDevice: creating device client; threaded=0
Direct3D:
    Version:  Direct3D 11.0 [level 11.1]
    Renderer: NVIDIA GeForce GTX 1050 Ti (ID=0x1c8c)
    Vendor:   
    VRAM:     4021 MB
    Driver:   27.21.14.6079
Initialize mono
Mono path[0] = 'D:/unity setup/files/2020.3.9f1/Unity/Editor/Data/Managed'
Mono path[1] = 'D:/unity setup/files/2020.3.9f1/Unity/Editor/Data/MonoBleedingEdge/lib/mono/unityjit'
Mono config path = 'D:/unity setup/files/2020.3.9f1/Unity/Editor/Data/MonoBleedingEdge/etc'
Using monoOptions --debugger-agent=transport=dt_socket,embedding=1,server=y,suspend=n,address=127.0.0.1:56432
Begin MonoManager ReloadAssembly
Registering precompiled unity dll's ...
Register platform support module: D:/unity setup/files/2020.3.9f1/Unity/Editor/Data/PlaybackEngines/WindowsStandaloneSupport/UnityEditor.WindowsStandalone.Extensions.dll
Registered in 0.000915 seconds.
Native extension for WindowsStandalone target not found
Refreshing native plugins compatible for Editor in 42.73 ms, found 0 plugins.
Preloading 0 native plugins for Editor in 0.00 ms.
Mono: successfully reloaded assembly
- Completed reload, in  0.814 seconds
Platform modules already initialized, skipping
Registering precompiled user dll's ...
Registered in 0.001532 seconds.
Begin MonoManager ReloadAssembly
Native extension for WindowsStandalone target not found
Refreshing native plugins compatible for Editor in 0.59 ms, found 0 plugins.
Preloading 0 native plugins for Editor in 0.00 ms.
Mono: successfully reloaded assembly
- Completed reload, in  1.106 seconds
Platform modules already initialized, skipping
========================================================================
Worker process is ready to serve import requests
Launched and connected shader compiler UnityShaderCompiler.exe after 0.04 seconds
Refreshing native plugins compatible for Editor in 1.13 ms, found 0 plugins.
Preloading 0 native plugins for Editor in 0.00 ms.
Unloading 2085 Unused Serialized files (Serialized files now loaded: 0)
System memory in use before: 89.9 MB.
System memory in use after: 89.9 MB.

Unloading 115 unused Assets to reduce memory usage. Loaded Objects now: 2493.
Total: 8.279500 ms (FindLiveObjects: 0.405200 ms CreateObjectMapping: 0.179900 ms MarkObjects: 7.445700 ms  DeleteObjects: 0.247000 ms)

========================================================================
Received Import Request.
  path: Assets/Scenes
  artifactKey: Guid(b481466333779db4dac24b378c326ad9) Importer(815301076,1909f56bfc062723c751e8b465ee728b)
Start importing Assets/Scenes using Guid(b481466333779db4dac24b378c326ad9) Importer(815301076,1909f56bfc062723c751e8b465ee728b)  -> (artifact id: 'b006dc2c5d822922a00b09e4bce5fb97') in 0.036444 seconds
  Import took 0.039491 seconds .

========================================================================
Received Import Request.
  Time since last request: 0.000195 seconds.
  path: Assets/Scenes/SampleScene.unity
  artifactKey: Guid(6507221e6b039554981a0d425ff11362) Importer(815301076,1909f56bfc062723c751e8b465ee728b)
Start importing Assets/Scenes/SampleScene.unity using Guid(6507221e6b039554981a0d425ff11362) Importer(815301076,1909f56bfc062723c751e8b465ee728b)  -> (artifact id: 'a33a1a44632573957b8d5130c33ab734') in 0.007352 seconds
  Import took 0.010255 seconds .

========================================================================
Received Import Request.
  Time since last request: 558.096134 seconds.
  path: Assets/Models
  artifactKey: Guid(f431e8a203cc8174fbc3ec90726a08a9) Importer(815301076,1909f56bfc062723c751e8b465ee728b)
Start importing Assets/Models using Guid(f431e8a203cc8174fbc3ec90726a08a9) Importer(815301076,1909f56bfc062723c751e8b465ee728b)  -> (artifact id: '726b6e0c940a0bf60c9742c6995e6165') in 0.006131 seconds
  Import took 0.009885 seconds .

========================================================================
Received Import Request.
  Time since last request: 0.008594 seconds.
  path: Assets/Models
  artifactKey: Guid(f431e8a203cc8174fbc3ec90726a08a9) Importer(815301076,1909f56bfc062723c751e8b465ee728b)
Start importing Assets/Models using Guid(f431e8a203cc8174fbc3ec90726a08a9) Importer(815301076,1909f56bfc062723c751e8b465ee728b)  -> (artifact id: '726b6e0c940a0bf60c9742c6995e6165') in 0.001736 seconds
  Import took 0.004827 seconds .

========================================================================
Received Import Request.
  Time since last request: 0.111368 seconds.
  path: Assets/Models/door.blend
  artifactKey: Guid(7fed7c734a0ddd348869c55f832ea82a) Importer(815301076,1909f56bfc062723c751e8b465ee728b)
Start importing Assets/Models/door.blend using Guid(7fed7c734a0ddd348869c55f832ea82a) Importer(815301076,1909f56bfc062723c751e8b465ee728b)  -> (artifact id: 'ee4def8bf85ff7bf535f07d48c8ff02f') in 0.558934 seconds
  Import took 0.562461 seconds .

========================================================================
Received Import Request.
  Time since last request: 0.000222 seconds.
  path: Assets/Models/Library table.prefab
  artifactKey: Guid(94fddeab9a9f2fb4e92c598b2f11207e) Importer(815301076,1909f56bfc062723c751e8b465ee728b)
Start importing Assets/Models/Library table.prefab using Guid(94fddeab9a9f2fb4e92c598b2f11207e) Importer(815301076,1909f56bfc062723c751e8b465ee728b)  -> (artifact id: '8f967353226bb354738f3eb0485e0789') in 0.022047 seconds
  Import took 0.025381 seconds .

========================================================================
Received Import Request.
  Time since last request: 0.000210 seconds.
  path: Assets/Models/Library table.fbx
  artifactKey: Guid(42bce6c82bf9a744f95e5419fda78541) Importer(815301076,1909f56bfc062723c751e8b465ee728b)
Start importing Assets/Models/Library table.fbx using Guid(42bce6c82bf9a744f95e5419fda78541) Importer(815301076,1909f56bfc062723c751e8b465ee728b)  -> (artifact id: '776c4a0129cbab062d394f38cb34920f') in 0.085899 seconds
  Import took 0.089270 seconds .

========================================================================
Received Import Request.
  Time since last request: 18.257876 seconds.
  path: Assets/Models/frontTable.fbx
  artifactKey: Guid(e5b7fd5aa98218444a0605299528aa61) Importer(815301076,1909f56bfc062723c751e8b465ee728b)
Start importing Assets/Models/frontTable.fbx using Guid(e5b7fd5aa98218444a0605299528aa61) Importer(815301076,1909f56bfc062723c751e8b465ee728b)  -> (artifact id: 'e664f03968c015793968233eba910eed') in 0.023203 seconds
  Import took 0.027126 seconds .

========================================================================
Received Import Request.
  Time since last request: 0.000178 seconds.
  path: Assets/Models/round table.fbx
  artifactKey: Guid(d8983ec8ad2be3e4f86dbcc295e3a425) Importer(815301076,1909f56bfc062723c751e8b465ee728b)
Start importing Assets/Models/round table.fbx using Guid(d8983ec8ad2be3e4f86dbcc295e3a425) Importer(815301076,1909f56bfc062723c751e8b465ee728b)  -> (artifact id: 'f906bb29cd3d7e29c925ace9e2b2fa96') in 0.022069 seconds
  Import took 0.025632 seconds .

========================================================================
Received Import Request.
  Time since last request: 0.000266 seconds.
  path: Assets/Models/frontTable.fbx
  artifactKey: Guid(e5b7fd5aa98218444a0605299528aa61) Importer(815301076,1909f56bfc062723c751e8b465ee728b)
Start importing Assets/Models/frontTable.fbx using Guid(e5b7fd5aa98218444a0605299528aa61) Importer(815301076,1909f56bfc062723c751e8b465ee728b)  -> (artifact id: 'e664f03968c015793968233eba910eed') in 0.016270 seconds
  Import took 0.019689 seconds .

========================================================================
Received Import Request.
  Time since last request: 0.000215 seconds.
  path: Assets/Models/round table.fbx
  artifactKey: Guid(d8983ec8ad2be3e4f86dbcc295e3a425) Importer(815301076,1909f56bfc062723c751e8b465ee728b)
Start importing Assets/Models/round table.fbx using Guid(d8983ec8ad2be3e4f86dbcc295e3a425) Importer(815301076,1909f56bfc062723c751e8b465ee728b)  -> (artifact id: 'f906bb29cd3d7e29c925ace9e2b2fa96') in 0.019401 seconds
  Import took 0.023085 seconds .

========================================================================
Received Import Request.
  Time since last request: 907.009522 seconds.
  path: Assets/Models/frontTableV2.fbx
  artifactKey: Guid(2bbe393dcc1021a429fcb5faad12c833) Importer(815301076,1909f56bfc062723c751e8b465ee728b)
Start importing Assets/Models/frontTableV2.fbx using Guid(2bbe393dcc1021a429fcb5faad12c833) Importer(815301076,1909f56bfc062723c751e8b465ee728b)  -> (artifact id: 'b90e39f1037d8ff93a9b518626846ebb') in 0.025385 seconds
  Import took 0.029260 seconds .

========================================================================
Received Import Request.
  Time since last request: 0.011836 seconds.
  path: Assets/Models/frontTableV2.fbx
  artifactKey: Guid(2bbe393dcc1021a429fcb5faad12c833) Importer(815301076,1909f56bfc062723c751e8b465ee728b)
Start importing Assets/Models/frontTableV2.fbx using Guid(2bbe393dcc1021a429fcb5faad12c833) Importer(815301076,1909f56bfc062723c751e8b465ee728b)  -> (artifact id: 'b90e39f1037d8ff93a9b518626846ebb') in 0.019322 seconds
  Import took 0.022769 seconds .

========================================================================
Received Import Request.
  Time since last request: 301.074260 seconds.
  path: Assets/Models/frontTableV3.fbx
  artifactKey: Guid(effdf32ff4fbf9643a22a5ea9c27d46d) Importer(815301076,1909f56bfc062723c751e8b465ee728b)
Start importing Assets/Models/frontTableV3.fbx using Guid(effdf32ff4fbf9643a22a5ea9c27d46d) Importer(815301076,1909f56bfc062723c751e8b465ee728b)  -> (artifact id: '32f2a2ad45f018124bcef26df369449b') in 0.025129 seconds
  Import took 0.030479 seconds .

========================================================================
Received Import Request.
  Time since last request: 46.446739 seconds.
  path: Assets/Models/frontTableV4.fbx
  artifactKey: Guid(5c89f555903c0cb49bfbb764e4d95b53) Importer(815301076,1909f56bfc062723c751e8b465ee728b)
Start importing Assets/Models/frontTableV4.fbx using Guid(5c89f555903c0cb49bfbb764e4d95b53) Importer(815301076,1909f56bfc062723c751e8b465ee728b)  -> (artifact id: '59f7422a86d69a1c3cf5ecf3229580a0') in 0.024608 seconds
  Import took 0.028296 seconds .

========================================================================
Received Import Request.
  Time since last request: 304.912112 seconds.
  path: Assets/Models/round table.fbx
  artifactKey: Guid(d8983ec8ad2be3e4f86dbcc295e3a425) Importer(815301076,1909f56bfc062723c751e8b465ee728b)
Start importing Assets/Models/round table.fbx using Guid(d8983ec8ad2be3e4f86dbcc295e3a425) Importer(815301076,1909f56bfc062723c751e8b465ee728b)  -> (artifact id: '5456528bb0023743b2bca088838e4dc4') in 0.018284 seconds
  Import took 0.022195 seconds .

========================================================================
Received Import Request.
  Time since last request: 0.003947 seconds.
  path: Assets/Models/round table.fbx
  artifactKey: Guid(d8983ec8ad2be3e4f86dbcc295e3a425) Importer(815301076,1909f56bfc062723c751e8b465ee728b)
Start importing Assets/Models/round table.fbx using Guid(d8983ec8ad2be3e4f86dbcc295e3a425) Importer(815301076,1909f56bfc062723c751e8b465ee728b)  -> (artifact id: '5456528bb0023743b2bca088838e4dc4') in 0.019894 seconds
  Import took 0.023347 seconds .

========================================================================
Received Import Request.
  Time since last request: 2276.754614 seconds.
  path: Assets/Models/model mats
  artifactKey: Guid(ecc92ec6bff63bd43bd419b4366e1ba9) Importer(815301076,1909f56bfc062723c751e8b465ee728b)
Start importing Assets/Models/model mats using Guid(ecc92ec6bff63bd43bd419b4366e1ba9) Importer(815301076,1909f56bfc062723c751e8b465ee728b)  -> (artifact id: 'aa38e0264d35442815ea3fdec4dd30b9') in 0.006508 seconds
  Import took 0.010861 seconds .

========================================================================
Received Import Request.
  Time since last request: 0.048481 seconds.
  path: Assets/Models/model mats/c127693b3af8120d642a7e3eeb3e2837.jpg
  artifactKey: Guid(e02e2a95617d7104a9d07446fe477d3b) Importer(815301076,1909f56bfc062723c751e8b465ee728b)
Start importing Assets/Models/model mats/c127693b3af8120d642a7e3eeb3e2837.jpg using Guid(e02e2a95617d7104a9d07446fe477d3b) Importer(815301076,1909f56bfc062723c751e8b465ee728b)  -> (artifact id: '3053f84e77affc7a0a460be3331b6a23') in 0.333427 seconds
  Import took 0.336467 seconds .

========================================================================
Received Import Request.
  Time since last request: 0.000249 seconds.
  path: Assets/Models/model mats/down bar.mat
  artifactKey: Guid(541910becaacdf64b86ca897f19b1593) Importer(815301076,1909f56bfc062723c751e8b465ee728b)
Start importing Assets/Models/model mats/down bar.mat using Guid(541910becaacdf64b86ca897f19b1593) Importer(815301076,1909f56bfc062723c751e8b465ee728b)  -> (artifact id: '5636d7c6428512fc908fbed8ae266d8c') in 0.089305 seconds
  Import took 0.092000 seconds .

========================================================================
Received Import Request.
  Time since last request: 0.000255 seconds.
  path: Assets/Models/model mats/door base.mat
  artifactKey: Guid(30e67c09c84273c4ba6cf869458a8548) Importer(815301076,1909f56bfc062723c751e8b465ee728b)
Start importing Assets/Models/model mats/door base.mat using Guid(30e67c09c84273c4ba6cf869458a8548) Importer(815301076,1909f56bfc062723c751e8b465ee728b)  -> (artifact id: '9a95db4621041dda8b63ada206acecc3') in 0.015123 seconds
  Import took 0.018623 seconds .

========================================================================
Received Import Request.
  Time since last request: 0.000209 seconds.
  path: Assets/Models/model mats/door cylinders.mat
  artifactKey: Guid(cf62c9ee2ab3a5b4fb165271688dbd8a) Importer(815301076,1909f56bfc062723c751e8b465ee728b)
Start importing Assets/Models/model mats/door cylinders.mat using Guid(cf62c9ee2ab3a5b4fb165271688dbd8a) Importer(815301076,1909f56bfc062723c751e8b465ee728b)  -> (artifact id: '8d2a7736d5fed3c5f05dfda98a8dbe47') in 0.020081 seconds
  Import took 0.023415 seconds .

========================================================================
Received Import Request.
  Time since last request: 0.000202 seconds.
  path: Assets/Models/model mats/mat_tabelTop.mat
  artifactKey: Guid(636e26ae67dadf94cb97d42d998d6d10) Importer(815301076,1909f56bfc062723c751e8b465ee728b)
Start importing Assets/Models/model mats/mat_tabelTop.mat using Guid(636e26ae67dadf94cb97d42d998d6d10) Importer(815301076,1909f56bfc062723c751e8b465ee728b)  -> (artifact id: '19c4e0a18ed7f17a0b7911b8442b9e33') in 0.016871 seconds
  Import took 0.021149 seconds .

========================================================================
Received Import Request.
  Time since last request: 2.375501 seconds.
  path: Assets/QA_Books
  artifactKey: Guid(c6725bc6f9b3f784d91d532554ad4c83) Importer(815301076,1909f56bfc062723c751e8b465ee728b)
Start importing Assets/QA_Books using Guid(c6725bc6f9b3f784d91d532554ad4c83) Importer(815301076,1909f56bfc062723c751e8b465ee728b)  -> (artifact id: '0ff49dfe6f7b20b9be70f50a75503cb4') in 0.005807 seconds
  Import took 0.009548 seconds .

========================================================================
Received Import Request.
  Time since last request: 0.998785 seconds.
  path: Assets/QA_Books/Prefabs
  artifactKey: Guid(a94c59f662df59d478a3e66ab4c7a95e) Importer(815301076,1909f56bfc062723c751e8b465ee728b)
Start importing Assets/QA_Books/Prefabs using Guid(a94c59f662df59d478a3e66ab4c7a95e) Importer(815301076,1909f56bfc062723c751e8b465ee728b)  -> (artifact id: '36914277351c93afc0e7d2993af5af8a') in 0.006587 seconds
  Import took 0.010238 seconds .

========================================================================
Received Import Request.
  Time since last request: 0.104234 seconds.
  path: Assets/QA_Books/Prefabs/Book_01.prefab
  artifactKey: Guid(8eabee3a247b5fe41bfdcf4b301c41a6) Importer(815301076,1909f56bfc062723c751e8b465ee728b)
Start importing Assets/QA_Books/Prefabs/Book_01.prefab using Guid(8eabee3a247b5fe41bfdcf4b301c41a6) Importer(815301076,1909f56bfc062723c751e8b465ee728b)  -> (artifact id: 'a560461f471023c319acced1a1c8dfaf') in 0.063952 seconds
  Import took 0.067256 seconds .

========================================================================
Received Import Request.
  Time since last request: 0.000260 seconds.
  path: Assets/QA_Books/Prefabs/Book_18.prefab
  artifactKey: Guid(716f6e89ae77a3c4099c9b880caece9e) Importer(815301076,1909f56bfc062723c751e8b465ee728b)
Start importing Assets/QA_Books/Prefabs/Book_18.prefab using Guid(716f6e89ae77a3c4099c9b880caece9e) Importer(815301076,1909f56bfc062723c751e8b465ee728b)  -> (artifact id: 'ef30352e63e21efafed1d1b8bd4b171d') in 0.031110 seconds
  Import took 0.034520 seconds .

========================================================================
Received Import Request.
  Time since last request: 0.000295 seconds.
  path: Assets/QA_Books/Prefabs/Book_08.prefab
  artifactKey: Guid(10f98680396ab2044bd7bf1218606516) Importer(815301076,1909f56bfc062723c751e8b465ee728b)
Start importing Assets/QA_Books/Prefabs/Book_08.prefab using Guid(10f98680396ab2044bd7bf1218606516) Importer(815301076,1909f56bfc062723c751e8b465ee728b)  -> (artifact id: '3d503e4375956963fa67acad274bb0fc') in 0.023914 seconds
  Import took 0.027296 seconds .

========================================================================
Received Import Request.
  Time since last request: 0.000211 seconds.
  path: Assets/QA_Books/Prefabs/Book_13.prefab
  artifactKey: Guid(33870fbe93d82aa42bbf30d1b6ca6dbc) Importer(815301076,1909f56bfc062723c751e8b465ee728b)
Start importing Assets/QA_Books/Prefabs/Book_13.prefab using Guid(33870fbe93d82aa42bbf30d1b6ca6dbc) Importer(815301076,1909f56bfc062723c751e8b465ee728b)  -> (artifact id: '1f25cdd6f1bba053ed8d35a64739e421') in 0.025316 seconds
  Import took 0.029641 seconds .

========================================================================
Received Import Request.
  Time since last request: 0.000296 seconds.
  path: Assets/QA_Books/Prefabs/Book_10.prefab
  artifactKey: Guid(1a462e7be4e492c42a318ecaa51de6e9) Importer(815301076,1909f56bfc062723c751e8b465ee728b)
Start importing Assets/QA_Books/Prefabs/Book_10.prefab using Guid(1a462e7be4e492c42a318ecaa51de6e9) Importer(815301076,1909f56bfc062723c751e8b465ee728b)  -> (artifact id: 'c2ca7ee40ab888bdffaab83cd07ba6b2') in 0.021764 seconds
  Import took 0.025034 seconds .

========================================================================
Received Import Request.
  Time since last request: 0.000197 seconds.
  path: Assets/QA_Books/Prefabs/Book_28.prefab
  artifactKey: Guid(0d1433aefa5efa844aa58b37661b0dcf) Importer(815301076,1909f56bfc062723c751e8b465ee728b)
Start importing Assets/QA_Books/Prefabs/Book_28.prefab using Guid(0d1433aefa5efa844aa58b37661b0dcf) Importer(815301076,1909f56bfc062723c751e8b465ee728b)  -> (artifact id: '55a317da7dc84d142c3fa6689eda7275') in 0.023116 seconds
  Import took 0.026774 seconds .

========================================================================
Received Import Request.
  Time since last request: 0.000276 seconds.
  path: Assets/QA_Books/Prefabs/Book_46.prefab
  artifactKey: Guid(45db99617d415c84c9c1967342b84c18) Importer(815301076,1909f56bfc062723c751e8b465ee728b)
Start importing Assets/QA_Books/Prefabs/Book_46.prefab using Guid(45db99617d415c84c9c1967342b84c18) Importer(815301076,1909f56bfc062723c751e8b465ee728b)  -> (artifact id: 'd8f0afc27c2d403897df31deae8af732') in 0.021141 seconds
  Import took 0.025885 seconds .

========================================================================
Received Import Request.
  Time since last request: 0.000265 seconds.
  path: Assets/QA_Books/Prefabs/Book_24.prefab
  artifactKey: Guid(9892017200d0cc94d88831a60a2060b0) Importer(815301076,1909f56bfc062723c751e8b465ee728b)
Start importing Assets/QA_Books/Prefabs/Book_24.prefab using Guid(9892017200d0cc94d88831a60a2060b0) Importer(815301076,1909f56bfc062723c751e8b465ee728b)  -> (artifact id: '62f13da61ca8c49baaa5b7b2355fb24b') in 0.021732 seconds
  Import took 0.025642 seconds .

========================================================================
Received Import Request.
  Time since last request: 0.000239 seconds.
  path: Assets/QA_Books/Prefabs/Book_36.prefab
  artifactKey: Guid(f903dd03da67547439b997774d31c9c0) Importer(815301076,1909f56bfc062723c751e8b465ee728b)
Start importing Assets/QA_Books/Prefabs/Book_36.prefab using Guid(f903dd03da67547439b997774d31c9c0) Importer(815301076,1909f56bfc062723c751e8b465ee728b)  -> (artifact id: '8516d5dd6d419628fe6f9c0d5061f076') in 0.021078 seconds
  Import took 0.024461 seconds .

========================================================================
Received Import Request.
  Time since last request: 0.000242 seconds.
  path: Assets/QA_Books/Prefabs/Book_51.prefab
  artifactKey: Guid(ef961ef73dbbcc948b123a983b8e1aae) Importer(815301076,1909f56bfc062723c751e8b465ee728b)
Start importing Assets/QA_Books/Prefabs/Book_51.prefab using Guid(ef961ef73dbbcc948b123a983b8e1aae) Importer(815301076,1909f56bfc062723c751e8b465ee728b)  -> (artifact id: '4c070a6d3fe68395b449c5c0f758ed8a') in 0.022875 seconds
  Import took 0.026133 seconds .

========================================================================
Received Import Request.
  Time since last request: 0.000296 seconds.
  path: Assets/QA_Books/Prefabs/Book_40.prefab
  artifactKey: Guid(bf3d1b965adae8a458c3e89db971211a) Importer(815301076,1909f56bfc062723c751e8b465ee728b)
Start importing Assets/QA_Books/Prefabs/Book_40.prefab using Guid(bf3d1b965adae8a458c3e89db971211a) Importer(815301076,1909f56bfc062723c751e8b465ee728b)  -> (artifact id: '319cf6ad686a6405f6ab2285a058c307') in 0.020474 seconds
  Import took 0.023738 seconds .

========================================================================
Received Import Request.
  Time since last request: 0.000222 seconds.
  path: Assets/QA_Books/Prefabs/Book_45.prefab
  artifactKey: Guid(e73134f143ea4dd42b33fac3c77cd425) Importer(815301076,1909f56bfc062723c751e8b465ee728b)
Start importing Assets/QA_Books/Prefabs/Book_45.prefab using Guid(e73134f143ea4dd42b33fac3c77cd425) Importer(815301076,1909f56bfc062723c751e8b465ee728b)  -> (artifact id: '22b036405848bf9495f17fcf14db5ef7') in 0.020620 seconds
  Import took 0.024173 seconds .

========================================================================
Received Import Request.
  Time since last request: 0.000280 seconds.
  path: Assets/QA_Books/Prefabs/Book_48.prefab
  artifactKey: Guid(1a07456d67796204ea7678dbe6cfe362) Importer(815301076,1909f56bfc062723c751e8b465ee728b)
Start importing Assets/QA_Books/Prefabs/Book_48.prefab using Guid(1a07456d67796204ea7678dbe6cfe362) Importer(815301076,1909f56bfc062723c751e8b465ee728b)  -> (artifact id: 'c40962db9fbbabd9d46b6e2cd1df6c63') in 0.021143 seconds
  Import took 0.024636 seconds .

========================================================================
Received Import Request.
  Time since last request: 0.000304 seconds.
  path: Assets/QA_Books/Prefabs/Book_14.prefab
  artifactKey: Guid(f09e10b910ed4794cb1663d92c5ef4fb) Importer(815301076,1909f56bfc062723c751e8b465ee728b)
Start importing Assets/QA_Books/Prefabs/Book_14.prefab using Guid(f09e10b910ed4794cb1663d92c5ef4fb) Importer(815301076,1909f56bfc062723c751e8b465ee728b)  -> (artifact id: 'bd14739364463bdd2f8df56dece45a3a') in 0.023724 seconds
  Import took 0.027220 seconds .

========================================================================
Received Import Request.
  Time since last request: 0.000217 seconds.
  path: Assets/QA_Books/Prefabs/Book_29.prefab
  artifactKey: Guid(e67c8e956fbecc349b4e8470d5ae65c6) Importer(815301076,1909f56bfc062723c751e8b465ee728b)
Start importing Assets/QA_Books/Prefabs/Book_29.prefab using Guid(e67c8e956fbecc349b4e8470d5ae65c6) Importer(815301076,1909f56bfc062723c751e8b465ee728b)  -> (artifact id: '45be124cda427fc52e604c2ee155fd96') in 0.021342 seconds
  Import took 0.024724 seconds .

========================================================================
Received Import Request.
  Time since last request: 0.000186 seconds.
  path: Assets/QA_Books/Prefabs/Book_35.prefab
  artifactKey: Guid(0a49c3d3842ff4a4e804005553b3b62d) Importer(815301076,1909f56bfc062723c751e8b465ee728b)
Start importing Assets/QA_Books/Prefabs/Book_35.prefab using Guid(0a49c3d3842ff4a4e804005553b3b62d) Importer(815301076,1909f56bfc062723c751e8b465ee728b)  -> (artifact id: 'ee59cbba84982641ee7591b4cddc8fe6') in 0.022678 seconds
  Import took 0.026254 seconds .

========================================================================
Received Import Request.
  Time since last request: 0.000212 seconds.
  path: Assets/QA_Books/Prefabs/Book_41.prefab
  artifactKey: Guid(5cc3acbf92ca1414f9e5202c88903015) Importer(815301076,1909f56bfc062723c751e8b465ee728b)
Start importing Assets/QA_Books/Prefabs/Book_41.prefab using Guid(5cc3acbf92ca1414f9e5202c88903015) Importer(815301076,1909f56bfc062723c751e8b465ee728b)  -> (artifact id: '8cadfb3eaf49385530429ccedec5d8e8') in 0.022533 seconds
  Import took 0.025995 seconds .

========================================================================
Received Import Request.
  Time since last request: 0.000330 seconds.
  path: Assets/QA_Books/Prefabs/Book_33.prefab
  artifactKey: Guid(f0fbe3a45c915cd479daa188875b76e9) Importer(815301076,1909f56bfc062723c751e8b465ee728b)
Start importing Assets/QA_Books/Prefabs/Book_33.prefab using Guid(f0fbe3a45c915cd479daa188875b76e9) Importer(815301076,1909f56bfc062723c751e8b465ee728b)  -> (artifact id: 'cccf4dc9339d6554d5953e4b4c920e45') in 0.026040 seconds
  Import took 0.030485 seconds .

========================================================================
Received Import Request.
  Time since last request: 0.000182 seconds.
  path: Assets/QA_Books/Prefabs/Book_43.prefab
  artifactKey: Guid(4a659989bfe2e50459a178b9cb924616) Importer(815301076,1909f56bfc062723c751e8b465ee728b)
Start importing Assets/QA_Books/Prefabs/Book_43.prefab using Guid(4a659989bfe2e50459a178b9cb924616) Importer(815301076,1909f56bfc062723c751e8b465ee728b)  -> (artifact id: '515a77b77dee762fc0e547a6f31f012c') in 0.024249 seconds
  Import took 0.027618 seconds .

========================================================================
Received Import Request.
  Time since last request: 0.000204 seconds.
  path: Assets/QA_Books/Prefabs/Book_03.prefab
  artifactKey: Guid(d4ea1b5a817a24748a674f21c65f6c1d) Importer(815301076,1909f56bfc062723c751e8b465ee728b)
Start importing Assets/QA_Books/Prefabs/Book_03.prefab using Guid(d4ea1b5a817a24748a674f21c65f6c1d) Importer(815301076,1909f56bfc062723c751e8b465ee728b)  -> (artifact id: '12e2c2d528225a2dfbb3ec76520b93c4') in 0.055415 seconds
  Import took 0.058448 seconds .

========================================================================
Received Import Request.
  Time since last request: 0.000237 seconds.
  path: Assets/QA_Books/Prefabs/Book_27.prefab
  artifactKey: Guid(c5dc42355e9922149ba62e416f86b2a1) Importer(815301076,1909f56bfc062723c751e8b465ee728b)
Start importing Assets/QA_Books/Prefabs/Book_27.prefab using Guid(c5dc42355e9922149ba62e416f86b2a1) Importer(815301076,1909f56bfc062723c751e8b465ee728b)  -> (artifact id: 'a7a1be603a128dcd0a3c578a6f7725cb') in 0.020225 seconds
  Import took 0.024336 seconds .

========================================================================
Received Import Request.
  Time since last request: 0.000209 seconds.
  path: Assets/QA_Books/Prefabs/Book_49.prefab
  artifactKey: Guid(5d4db5d6c438345449a490b952d41908) Importer(815301076,1909f56bfc062723c751e8b465ee728b)
Start importing Assets/QA_Books/Prefabs/Book_49.prefab using Guid(5d4db5d6c438345449a490b952d41908) Importer(815301076,1909f56bfc062723c751e8b465ee728b)  -> (artifact id: '12452f3779a706abb76e135dce5b910b') in 0.021960 seconds
  Import took 0.026288 seconds .

========================================================================
Received Import Request.
  Time since last request: 0.000487 seconds.
  path: Assets/QA_Books/Prefabs/Book_17.prefab
  artifactKey: Guid(114f2b09cbdeb8d42b7a7f4ab0c2ceb4) Importer(815301076,1909f56bfc062723c751e8b465ee728b)
Start importing Assets/QA_Books/Prefabs/Book_17.prefab using Guid(114f2b09cbdeb8d42b7a7f4ab0c2ceb4) Importer(815301076,1909f56bfc062723c751e8b465ee728b)  -> (artifact id: '8e06ae4044d68ffa66eb4f8a9dbc4130') in 0.022869 seconds
  Import took 0.026290 seconds .

========================================================================
Received Import Request.
  Time since last request: 0.000303 seconds.
  path: Assets/QA_Books/Prefabs/Book_20.prefab
  artifactKey: Guid(2ae90898f05ba93459b427408c855a63) Importer(815301076,1909f56bfc062723c751e8b465ee728b)
Start importing Assets/QA_Books/Prefabs/Book_20.prefab using Guid(2ae90898f05ba93459b427408c855a63) Importer(815301076,1909f56bfc062723c751e8b465ee728b)  -> (artifact id: 'beee70a9ae519e45557dd2f9db998b59') in 0.025293 seconds
  Import took 0.028286 seconds .

========================================================================
Received Import Request.
  Time since last request: 0.000218 seconds.
  path: Assets/QA_Books/Prefabs/Book_05.prefab
  artifactKey: Guid(ea73ac8887b117a46a3858c8d1887c76) Importer(815301076,1909f56bfc062723c751e8b465ee728b)
Start importing Assets/QA_Books/Prefabs/Book_05.prefab using Guid(ea73ac8887b117a46a3858c8d1887c76) Importer(815301076,1909f56bfc062723c751e8b465ee728b)  -> (artifact id: '32c28b4ae81e494389449cc61d29f551') in 0.023013 seconds
  Import took 0.026239 seconds .

========================================================================
Received Import Request.
  Time since last request: 0.000221 seconds.
  path: Assets/QA_Books/Prefabs/Book_23.prefab
  artifactKey: Guid(a143fa61fa75c1948b865ebba53b13cd) Importer(815301076,1909f56bfc062723c751e8b465ee728b)
Start importing Assets/QA_Books/Prefabs/Book_23.prefab using Guid(a143fa61fa75c1948b865ebba53b13cd) Importer(815301076,1909f56bfc062723c751e8b465ee728b)  -> (artifact id: '2f8978a9e81f9eb1385513930bc5f06a') in 0.020211 seconds
  Import took 0.024258 seconds .

========================================================================
Received Import Request.
  Time since last request: 0.000316 seconds.
  path: Assets/QA_Books/Prefabs/Book_12.prefab
  artifactKey: Guid(c04c60cb87ebdc8458571b190fb2255d) Importer(815301076,1909f56bfc062723c751e8b465ee728b)
Start importing Assets/QA_Books/Prefabs/Book_12.prefab using Guid(c04c60cb87ebdc8458571b190fb2255d) Importer(815301076,1909f56bfc062723c751e8b465ee728b)  -> (artifact id: 'd17e6714734b841b586aa160081e9956') in 0.022686 seconds
  Import took 0.026526 seconds .

========================================================================
Received Import Request.
  Time since last request: 0.000181 seconds.
  path: Assets/QA_Books/Prefabs/Book_39.prefab
  artifactKey: Guid(4a00219ec3deacf4689500595661ac7a) Importer(815301076,1909f56bfc062723c751e8b465ee728b)
Start importing Assets/QA_Books/Prefabs/Book_39.prefab using Guid(4a00219ec3deacf4689500595661ac7a) Importer(815301076,1909f56bfc062723c751e8b465ee728b)  -> (artifact id: '8576519af00a297cd2eb3fde8cecac6d') in 0.022118 seconds
  Import took 0.025636 seconds .

========================================================================
Received Import Request.
  Time since last request: 0.000229 seconds.
  path: Assets/QA_Books/Prefabs/Book_15.prefab
  artifactKey: Guid(afa8cf251f4d24d4bac5124efaae45f4) Importer(815301076,1909f56bfc062723c751e8b465ee728b)
Start importing Assets/QA_Books/Prefabs/Book_15.prefab using Guid(afa8cf251f4d24d4bac5124efaae45f4) Importer(815301076,1909f56bfc062723c751e8b465ee728b)  -> (artifact id: '1f0ba8ef211d18c135d0600caae4978e') in 0.022230 seconds
  Import took 0.025586 seconds .

========================================================================
Received Import Request.
  Time since last request: 0.000243 seconds.
  path: Assets/QA_Books/Prefabs/Book_22.prefab
  artifactKey: Guid(a0364dc92de710744b46e7c19fca3d7b) Importer(815301076,1909f56bfc062723c751e8b465ee728b)
Start importing Assets/QA_Books/Prefabs/Book_22.prefab using Guid(a0364dc92de710744b46e7c19fca3d7b) Importer(815301076,1909f56bfc062723c751e8b465ee728b)  -> (artifact id: '54a0f6a33f24f050b069c797bcb1d450') in 0.021578 seconds
  Import took 0.024890 seconds .

========================================================================
Received Import Request.
  Time since last request: 0.000191 seconds.
  path: Assets/QA_Books/Prefabs/Book_53.prefab
  artifactKey: Guid(254a6646a889c714bb948279451aaf33) Importer(815301076,1909f56bfc062723c751e8b465ee728b)
Start importing Assets/QA_Books/Prefabs/Book_53.prefab using Guid(254a6646a889c714bb948279451aaf33) Importer(815301076,1909f56bfc062723c751e8b465ee728b)  -> (artifact id: '6d0ebe336bf08b580b78d17a015834d6') in 0.020818 seconds
  Import took 0.024700 seconds .

========================================================================
Received Import Request.
  Time since last request: 0.000218 seconds.
  path: Assets/QA_Books/Prefabs/Book_11.prefab
  artifactKey: Guid(c33441093f64d17408edb5fff22c8b3d) Importer(815301076,1909f56bfc062723c751e8b465ee728b)
Start importing Assets/QA_Books/Prefabs/Book_11.prefab using Guid(c33441093f64d17408edb5fff22c8b3d) Importer(815301076,1909f56bfc062723c751e8b465ee728b)  -> (artifact id: 'f76ddd188f60ddd25ba1a083455691c8') in 0.028246 seconds
  Import took 0.032518 seconds .

========================================================================
Received Import Request.
  Time since last request: 0.000230 seconds.
  path: Assets/QA_Books/Prefabs/Book_25.prefab
  artifactKey: Guid(9d95d61f077f93045afb3b743d45b14a) Importer(815301076,1909f56bfc062723c751e8b465ee728b)
Start importing Assets/QA_Books/Prefabs/Book_25.prefab using Guid(9d95d61f077f93045afb3b743d45b14a) Importer(815301076,1909f56bfc062723c751e8b465ee728b)  -> (artifact id: '7aa6e9b01231c06fa308debeef196603') in 0.064302 seconds
  Import took 0.068256 seconds .

========================================================================
Received Import Request.
  Time since last request: 0.000312 seconds.
  path: Assets/QA_Books/Prefabs/Book_50.prefab
  artifactKey: Guid(7332e86eb26e8304cb599d59557fd313) Importer(815301076,1909f56bfc062723c751e8b465ee728b)
Start importing Assets/QA_Books/Prefabs/Book_50.prefab using Guid(7332e86eb26e8304cb599d59557fd313) Importer(815301076,1909f56bfc062723c751e8b465ee728b)  -> (artifact id: 'aa2a9f5e2cbd6065d325407c274f648e') in 0.024505 seconds
  Import took 0.028007 seconds .

========================================================================
Received Import Request.
  Time since last request: 0.000198 seconds.
  path: Assets/QA_Books/Prefabs/Book_38.prefab
  artifactKey: Guid(8d3390da787d3844bbc4bcde9ca169ab) Importer(815301076,1909f56bfc062723c751e8b465ee728b)
Start importing Assets/QA_Books/Prefabs/Book_38.prefab using Guid(8d3390da787d3844bbc4bcde9ca169ab) Importer(815301076,1909f56bfc062723c751e8b465ee728b)  -> (artifact id: '0b3f746bc34b5a9422e0d5879c6f1fa1') in 0.022073 seconds
  Import took 0.025981 seconds .

========================================================================
Received Import Request.
  Time since last request: 0.000250 seconds.
  path: Assets/QA_Books/Prefabs/Book_47.prefab
  artifactKey: Guid(6cd39d8a547cc11408d7c675612d6767) Importer(815301076,1909f56bfc062723c751e8b465ee728b)
Start importing Assets/QA_Books/Prefabs/Book_47.prefab using Guid(6cd39d8a547cc11408d7c675612d6767) Importer(815301076,1909f56bfc062723c751e8b465ee728b)  -> (artifact id: '15bd2472e9f0272ff16a43a6b3dd0a77') in 0.020979 seconds
  Import took 0.025336 seconds .

========================================================================
Received Import Request.
  Time since last request: 0.000257 seconds.
  path: Assets/QA_Books/Prefabs/Book_04.prefab
  artifactKey: Guid(273dfcdaa60d0b540b1012e22b97d74f) Importer(815301076,1909f56bfc062723c751e8b465ee728b)
Start importing Assets/QA_Books/Prefabs/Book_04.prefab using Guid(273dfcdaa60d0b540b1012e22b97d74f) Importer(815301076,1909f56bfc062723c751e8b465ee728b)  -> (artifact id: '2fbbbdec142312ee1378eed9d27b4128') in 0.022807 seconds
  Import took 0.026943 seconds .

========================================================================
Received Import Request.
  Time since last request: 0.000242 seconds.
  path: Assets/QA_Books/Prefabs/Book_07.prefab
  artifactKey: Guid(f59a33c8074a57247b87c5b2160c5660) Importer(815301076,1909f56bfc062723c751e8b465ee728b)
Start importing Assets/QA_Books/Prefabs/Book_07.prefab using Guid(f59a33c8074a57247b87c5b2160c5660) Importer(815301076,1909f56bfc062723c751e8b465ee728b)  -> (artifact id: 'adcb779f52262068f810f77e6357e85c') in 0.022429 seconds
  Import took 0.026126 seconds .

========================================================================
Received Import Request.
  Time since last request: 0.000292 seconds.
  path: Assets/QA_Books/Prefabs/Book_32.prefab
  artifactKey: Guid(139e2fe27974ac442890334914e64148) Importer(815301076,1909f56bfc062723c751e8b465ee728b)
Start importing Assets/QA_Books/Prefabs/Book_32.prefab using Guid(139e2fe27974ac442890334914e64148) Importer(815301076,1909f56bfc062723c751e8b465ee728b)  -> (artifact id: '823fbc9d259ee76b93de2c547a49681c') in 0.022797 seconds
  Import took 0.026521 seconds .

========================================================================
Received Import Request.
  Time since last request: 0.000243 seconds.
  path: Assets/QA_Books/Prefabs/Book_16.prefab
  artifactKey: Guid(b9cc39342554d8f4b876f442e992b119) Importer(815301076,1909f56bfc062723c751e8b465ee728b)
Start importing Assets/QA_Books/Prefabs/Book_16.prefab using Guid(b9cc39342554d8f4b876f442e992b119) Importer(815301076,1909f56bfc062723c751e8b465ee728b)  -> (artifact id: '757c0eb599474667982b328b717c1480') in 0.021050 seconds
  Import took 0.025301 seconds .

========================================================================
Received Import Request.
  Time since last request: 0.000289 seconds.
  path: Assets/QA_Books/Prefabs/Book_52.prefab
  artifactKey: Guid(5c50068b0aa4ea9469f5b39c43f09cbd) Importer(815301076,1909f56bfc062723c751e8b465ee728b)
Start importing Assets/QA_Books/Prefabs/Book_52.prefab using Guid(5c50068b0aa4ea9469f5b39c43f09cbd) Importer(815301076,1909f56bfc062723c751e8b465ee728b)  -> (artifact id: 'c6e8b968019e7ac664274637e7fc614d') in 0.029563 seconds
  Import took 0.033094 seconds .

========================================================================
Received Import Request.
  Time since last request: 0.000282 seconds.
  path: Assets/QA_Books/Prefabs/Book_44.prefab
  artifactKey: Guid(31a995afe3fc9f54ca95ab3cc78b6800) Importer(815301076,1909f56bfc062723c751e8b465ee728b)
Start importing Assets/QA_Books/Prefabs/Book_44.prefab using Guid(31a995afe3fc9f54ca95ab3cc78b6800) Importer(815301076,1909f56bfc062723c751e8b465ee728b)  -> (artifact id: '75a3d4dbfd1a6abd41b27d4b77a16471') in 0.021372 seconds
  Import took 0.025079 seconds .

========================================================================
Received Import Request.
  Time since last request: 0.000541 seconds.
  path: Assets/QA_Books/Prefabs/Book_42.prefab
  artifactKey: Guid(813e9023ddcc5404c907e6d25b69f28c) Importer(815301076,1909f56bfc062723c751e8b465ee728b)
Start importing Assets/QA_Books/Prefabs/Book_42.prefab using Guid(813e9023ddcc5404c907e6d25b69f28c) Importer(815301076,1909f56bfc062723c751e8b465ee728b)  -> (artifact id: '0e49efc8dadc96a8eb71860e4645e530') in 0.021800 seconds
  Import took 0.025612 seconds .

========================================================================
Received Import Request.
  Time since last request: 0.000242 seconds.
  path: Assets/QA_Books/Prefabs/Book_21.prefab
  artifactKey: Guid(eb229865cb9c5ff4ba795c601340c1d7) Importer(815301076,1909f56bfc062723c751e8b465ee728b)
Start importing Assets/QA_Books/Prefabs/Book_21.prefab using Guid(eb229865cb9c5ff4ba795c601340c1d7) Importer(815301076,1909f56bfc062723c751e8b465ee728b)  -> (artifact id: '4a7e796f177a1c9025f32709eec1f756') in 0.075585 seconds
  Import took 0.079069 seconds .

========================================================================
Received Import Request.
  Time since last request: 0.000249 seconds.
  path: Assets/QA_Books/Prefabs/Book_09.prefab
  artifactKey: Guid(a33884f9b265434498736dbc4c5bcf03) Importer(815301076,1909f56bfc062723c751e8b465ee728b)
Start importing Assets/QA_Books/Prefabs/Book_09.prefab using Guid(a33884f9b265434498736dbc4c5bcf03) Importer(815301076,1909f56bfc062723c751e8b465ee728b)  -> (artifact id: 'e94a23a01949be6c3845ff69d4f5a6e6') in 0.022622 seconds
  Import took 0.026128 seconds .

========================================================================
Received Import Request.
  Time since last request: 0.000268 seconds.
  path: Assets/QA_Books/Prefabs/Book_19.prefab
  artifactKey: Guid(634bb5e240f1cdc4eabfc48f21381190) Importer(815301076,1909f56bfc062723c751e8b465ee728b)
Start importing Assets/QA_Books/Prefabs/Book_19.prefab using Guid(634bb5e240f1cdc4eabfc48f21381190) Importer(815301076,1909f56bfc062723c751e8b465ee728b)  -> (artifact id: '7a4525f2301a47b8078d6a48bb5c3f0e') in 0.021803 seconds
  Import took 0.026104 seconds .

========================================================================
Received Import Request.
  Time since last request: 0.000267 seconds.
  path: Assets/QA_Books/Prefabs/Book_30.prefab
  artifactKey: Guid(af14cfced951b234b907c737abdc0ad4) Importer(815301076,1909f56bfc062723c751e8b465ee728b)
Start importing Assets/QA_Books/Prefabs/Book_30.prefab using Guid(af14cfced951b234b907c737abdc0ad4) Importer(815301076,1909f56bfc062723c751e8b465ee728b)  -> (artifact id: '1e6bc7a94e2e744ac64d4057a1faa93d') in 0.022461 seconds
  Import took 0.026543 seconds .

========================================================================
Received Import Request.
  Time since last request: 0.000264 seconds.
  path: Assets/QA_Books/Prefabs/Book_31.prefab
  artifactKey: Guid(fe4952f534eafe545b99e96cd29db9b3) Importer(815301076,1909f56bfc062723c751e8b465ee728b)
Start importing Assets/QA_Books/Prefabs/Book_31.prefab using Guid(fe4952f534eafe545b99e96cd29db9b3) Importer(815301076,1909f56bfc062723c751e8b465ee728b)  -> (artifact id: '2407b0c485faefcbde6c59446a46123d') in 0.022841 seconds
  Import took 0.026267 seconds .

========================================================================
Received Import Request.
  Time since last request: 0.000281 seconds.
  path: Assets/QA_Books/Prefabs/Book_02.prefab
  artifactKey: Guid(7eeab333ed7416f498139b2846cbb10d) Importer(815301076,1909f56bfc062723c751e8b465ee728b)
Start importing Assets/QA_Books/Prefabs/Book_02.prefab using Guid(7eeab333ed7416f498139b2846cbb10d) Importer(815301076,1909f56bfc062723c751e8b465ee728b)  -> (artifact id: 'daaffe09f1822d8791300b897bc0c1aa') in 0.023006 seconds
  Import took 0.026291 seconds .

========================================================================
Received Import Request.
  Time since last request: 0.000226 seconds.
  path: Assets/QA_Books/Prefabs/Book_26.prefab
  artifactKey: Guid(ef571f725b2d0b648ae27fc811b7365e) Importer(815301076,1909f56bfc062723c751e8b465ee728b)
Start importing Assets/QA_Books/Prefabs/Book_26.prefab using Guid(ef571f725b2d0b648ae27fc811b7365e) Importer(815301076,1909f56bfc062723c751e8b465ee728b)  -> (artifact id: '9a2890480f21b60c4c1c2e942e7644f9') in 0.021476 seconds
  Import took 0.024474 seconds .

========================================================================
Received Import Request.
  Time since last request: 0.000230 seconds.
  path: Assets/QA_Books/Prefabs/Book_06.prefab
  artifactKey: Guid(4242ccbec40f0ed448d91b2eb3cfba80) Importer(815301076,1909f56bfc062723c751e8b465ee728b)
Start importing Assets/QA_Books/Prefabs/Book_06.prefab using Guid(4242ccbec40f0ed448d91b2eb3cfba80) Importer(815301076,1909f56bfc062723c751e8b465ee728b)  -> (artifact id: '838597b267956c908866dbdfb951f253') in 0.022439 seconds
  Import took 0.025627 seconds .

========================================================================
Received Import Request.
  Time since last request: 0.000302 seconds.
  path: Assets/QA_Books/Prefabs/Book_34.prefab
  artifactKey: Guid(930d7b1a750d2f144a91ab60fca13b78) Importer(815301076,1909f56bfc062723c751e8b465ee728b)
Start importing Assets/QA_Books/Prefabs/Book_34.prefab using Guid(930d7b1a750d2f144a91ab60fca13b78) Importer(815301076,1909f56bfc062723c751e8b465ee728b)  -> (artifact id: 'fa59a1153e0c4f0696bed0c5aaa1f282') in 0.021783 seconds
  Import took 0.024980 seconds .

========================================================================
Received Import Request.
  Time since last request: 0.000265 seconds.
  path: Assets/QA_Books/Prefabs/Book_37.prefab
  artifactKey: Guid(f863c0c796c652c4fa6b28893cd313ee) Importer(815301076,1909f56bfc062723c751e8b465ee728b)
Start importing Assets/QA_Books/Prefabs/Book_37.prefab using Guid(f863c0c796c652c4fa6b28893cd313ee) Importer(815301076,1909f56bfc062723c751e8b465ee728b)  -> (artifact id: '3a1f98e40783347e591fbe48255b7d9a') in 0.022920 seconds
  Import took 0.026807 seconds .

========================================================================
Received Import Request.
  Time since last request: 0.760083 seconds.
  path: Assets/Resources
  artifactKey: Guid(0ea0a13613534294eb34f8d28d6d355a) Importer(815301076,1909f56bfc062723c751e8b465ee728b)
Start importing Assets/Resources using Guid(0ea0a13613534294eb34f8d28d6d355a) Importer(815301076,1909f56bfc062723c751e8b465ee728b)  -> (artifact id: 'b02f47cb354b260e13cedca93ba8c907') in 0.006041 seconds
  Import took 0.009699 seconds .

========================================================================
Received Import Request.
  Time since last request: 4.353458 seconds.
  path: Assets
  artifactKey: Guid(00000000000000001000000000000000) Importer(815301076,1909f56bfc062723c751e8b465ee728b)
Start importing Assets using Guid(00000000000000001000000000000000) Importer(815301076,1909f56bfc062723c751e8b465ee728b)  -> (artifact id: '42d402b061de3733987d63b9cc3b64de') in 0.006177 seconds
  Import took 0.009479 seconds .

========================================================================
Received Import Request.
  Time since last request: 6.874535 seconds.
  path: Assets/model_prefabs
  artifactKey: Guid(cda2b8371df1192439681873f845db91) Importer(815301076,1909f56bfc062723c751e8b465ee728b)
Start importing Assets/model_prefabs using Guid(cda2b8371df1192439681873f845db91) Importer(815301076,1909f56bfc062723c751e8b465ee728b)  -> (artifact id: 'b10f43006f34b55ed4927367c923c728') in 0.006647 seconds
  Import took 0.010536 seconds .

========================================================================
Received Import Request.
  Time since last request: 5.255669 seconds.
  path: Assets/prefabs
  artifactKey: Guid(cda2b8371df1192439681873f845db91) Importer(815301076,1909f56bfc062723c751e8b465ee728b)
Start importing Assets/prefabs using Guid(cda2b8371df1192439681873f845db91) Importer(815301076,1909f56bfc062723c751e8b465ee728b)  -> (artifact id: 'c4b9f976377d31534201c215af5f4998') in 0.005805 seconds
  Import took 0.008734 seconds .

========================================================================
Received Import Request.
  Time since last request: 8.738351 seconds.
  path: Assets/prefabs/frontTableV4.prefab
  artifactKey: Guid(25e1f83fcee4b55479a46d2c746f42bb) Importer(815301076,1909f56bfc062723c751e8b465ee728b)
Start importing Assets/prefabs/frontTableV4.prefab using Guid(25e1f83fcee4b55479a46d2c746f42bb) Importer(815301076,1909f56bfc062723c751e8b465ee728b)  -> (artifact id: '9d646ea1d5159719c7b87edda4bf6317') in 0.014123 seconds
  Import took 0.017927 seconds .

========================================================================
Received Import Request.
  Time since last request: 0.018510 seconds.
  path: Assets/prefabs/frontTableV4.prefab
  artifactKey: Guid(25e1f83fcee4b55479a46d2c746f42bb) Importer(815301076,1909f56bfc062723c751e8b465ee728b)
Start importing Assets/prefabs/frontTableV4.prefab using Guid(25e1f83fcee4b55479a46d2c746f42bb) Importer(815301076,1909f56bfc062723c751e8b465ee728b)  -> (artifact id: '9d646ea1d5159719c7b87edda4bf6317') in 0.006371 seconds
  Import took 0.009473 seconds .

========================================================================
Received Import Request.
  Time since last request: 5.771055 seconds.
  path: Assets/prefabs/round table.prefab
  artifactKey: Guid(4f6ed90a91c817045828a1cbeb1a3eb1) Importer(815301076,1909f56bfc062723c751e8b465ee728b)
Start importing Assets/prefabs/round table.prefab using Guid(4f6ed90a91c817045828a1cbeb1a3eb1) Importer(815301076,1909f56bfc062723c751e8b465ee728b)  -> (artifact id: '3a4da92d4ec3d0e7ad413c6c370606a3') in 0.009722 seconds
  Import took 0.012873 seconds .

========================================================================
Received Import Request.
  Time since last request: 0.016906 seconds.
  path: Assets/prefabs/round table.prefab
  artifactKey: Guid(4f6ed90a91c817045828a1cbeb1a3eb1) Importer(815301076,1909f56bfc062723c751e8b465ee728b)
Start importing Assets/prefabs/round table.prefab using Guid(4f6ed90a91c817045828a1cbeb1a3eb1) Importer(815301076,1909f56bfc062723c751e8b465ee728b)  -> (artifact id: '3a4da92d4ec3d0e7ad413c6c370606a3') in 0.016966 seconds
  Import took 0.020512 seconds .

AssetImportWorkerClient::OnTransportError - code=2 error=End of file
